<?xml version="1.0" encoding="UTF-8"?>
<testng-results ignored="0" total="1" passed="1" failed="0" skipped="0">
  <reporter-output>
    <line>
      <![CDATA[my 1st test case]]>
    </line>
  </reporter-output>
  <suite started-at="2022-06-01T07:31:52Z" name="Default suite" finished-at="2022-06-01T07:31:52Z" duration-ms="507">
    <groups>
    </groups>
    <test started-at="2022-06-01T07:31:52Z" name="Default test" finished-at="2022-06-01T07:31:52Z" duration-ms="507">
      <class name="com.gitpractice.git.TestAnnotation">
        <test-method signature="testcase()[pri:0, instance:com.gitpractice.git.TestAnnotation@43da41e]" started-at="2022-06-01T07:31:52Z" name="testcase" finished-at="2022-06-01T07:31:52Z" duration-ms="174" status="PASS">
          <reporter-output>
            <line>
              <![CDATA[my 1st test case]]>
            </line>
          </reporter-output>
        </test-method> <!-- testcase -->
      </class> <!-- com.gitpractice.git.TestAnnotation -->
    </test> <!-- Default test -->
  </suite> <!-- Default suite -->
</testng-results>
